Arguments: 
  C:\Program Files\nodejs\node.exe C:\Users\Leopard\AppData\Roaming\npm\node_modules\yarn\bin\yarn.js

PATH: 
  C:\Program Files (x86)\VMware\VMware Workstation\bin\;C:\Windows\system32;C:\Windows;C:\Windows\System32\Wbem;C:\Windows\System32\WindowsPowerShell\v1.0\;C:\Windows\System32\OpenSSH\;C:\Program Files (x86)\NVIDIA Corporation\PhysX\Common;C:\Program Files\nodejs\;C:\Program Files\Git\cmd;C:\Users\Leopard\AppData\Local\Microsoft\WindowsApps;C:\Users\Leopard\AppData\Roaming\npm;C:\Users\Leopard\AppData\Local\Programs\Microsoft VS Code\bin

Yarn version: 
  1.22.17

Node version: 
  14.18.0

Platform: 
  win32 x64

Trace: 
  Error: connect ECONNREFUSED 104.16.26.35:443
      at TCPConnectWrap.afterConnect [as oncomplete] (net.js:1159:16)

npm manifest: 
  {
    "dependencies": {
      "@openzeppelin/contracts": "^4.4.2",
      "@truffle/hdwallet-provider": "^2.0.0",
      "dotenv": "^8.2.0",
      "truffle": "^5.4.1",
      "truffle-assertions": "^0.9.2",
      "truffle-plugin-verify": "^0.5.15"
    }
  }

yarn manifest: 
  No manifest

Lockfile: 
  # THIS IS AN AUTOGENERATED FILE. DO NOT EDIT THIS FILE DIRECTLY.
  # yarn lockfile v1
  
  
  "@openzeppelin/contracts@^4.4.2":
    version "4.4.2"
    resolved "https://registry.yarnpkg.com/@openzeppelin/contracts/-/contracts-4.4.2.tgz#4e889c9c66e736f7de189a53f8ba5b8d789425c2"
    integrity sha512-NyJV7sJgoGYqbtNUWgzzOGW4T6rR19FmX1IJgXGdapGPWsuMelGJn9h03nos0iqfforCbCB0iYIR0MtIuIFLLw==
